[2025-08-13T18:07:52.112Z] Servidor iniciado
[2025-08-13T18:11:08.245Z] Servidor iniciado
[2025-08-13T18:11:19.702Z] Servidor iniciado
[2025-08-13T18:12:16.926Z] Servidor iniciado
[2025-08-13T18:12:22.916Z] Servidor iniciado
[2025-08-13T18:12:30.487Z] Servidor iniciado
[2025-08-13T18:27:25.616Z] Usuário sergio@gmail.com registrado
[2025-08-13T18:27:58.461Z] Usuário sergio@gmail.com autenticado
[2025-08-13T18:32:07.522Z] Usuário sergio@gmail.com criou VLAN vlan1
[2025-08-13T18:44:58.411Z] Usuário sergio@gmail.com autenticado
[2025-08-13T18:45:05.866Z] Usuário sergio@gmail.com atualizou VLAN 1
[2025-08-13T18:45:07.624Z] Usuário sergio@gmail.com atualizou VLAN 1
[2025-08-13T18:45:09.328Z] Usuário sergio@gmail.com atualizou VLAN 1
[2025-08-13T18:45:09.511Z] Usuário sergio@gmail.com atualizou VLAN 1
[2025-08-13T18:45:09.697Z] Usuário sergio@gmail.com atualizou VLAN 1
[2025-08-13T18:45:09.904Z] Usuário sergio@gmail.com atualizou VLAN 1
[2025-08-13T18:45:10.065Z] Usuário sergio@gmail.com atualizou VLAN 1
[2025-08-13T18:45:32.508Z] Usuário sergio@gmail.com criou VLAN vlan2
[2025-08-13T18:45:33.872Z] Usuário sergio@gmail.com atualizou VLAN 2
[2025-08-13T18:45:34.168Z] Usuário sergio@gmail.com atualizou VLAN 2
[2025-08-13T18:45:34.352Z] Usuário sergio@gmail.com atualizou VLAN 2
[2025-08-13T18:45:34.850Z] Usuário sergio@gmail.com atualizou VLAN 1
[2025-08-13T18:45:35.033Z] Usuário sergio@gmail.com atualizou VLAN 1
[2025-08-13T18:45:35.495Z] Usuário sergio@gmail.com atualizou VLAN 2
[2025-08-13T18:45:35.672Z] Usuário sergio@gmail.com atualizou VLAN 2
